<?xml version="1.0" encoding="UTF-8"?>
<testsuite xmlns:xsi="http://www.w3.org/2001/XMLSchema-instance" xsi:noNamespaceSchemaLocation="https://maven.apache.org/surefire/maven-surefire-plugin/xsd/surefire-test-report-3.0.xsd" version="3.0" name="Runners.runnerTest" time="11.812" tests="1" errors="0" skipped="0" failures="0">
  <properties>
[...]
</properties>
  <testcase name="runScenario[&quot;Login with valid credentials&quot;, &quot;Login functionality&quot;](1)" classname="Runners.runnerTest" time="11.424">
    <system-out><![CDATA[11:31:55.615 [main] INFO  Hooks.hooks - Setting up test environment - starting browser
11:31:55.618 [main] INFO  BaseClass.baseClass - Loading configuration properties from Configuration/config.properties
11:31:55.618 [main] INFO  BaseClass.baseClass - Configuration properties loaded successfully
11:31:55.624 [main] INFO  BaseClass.baseClass - Starting browser: chrome, Headless: false
11:31:56.717 [main] INFO  BaseClass.baseClass - Browser chrome started successfully with implicit wait: 10 seconds
11:31:56.717 [main] INFO  Hooks.hooks - Test setup completed
11:31:56.720 [main] INFO  StepDefination.LoginStep - Navigating to login page: https://www.saucedemo.com/
11:32:06.481 [main] INFO  StepDefination.LoginStep - Login page loaded successfully
11:32:06.481 [main] INFO  StepDefination.LoginStep - Entering username: standard_user
11:32:06.577 [main] INFO  StepDefination.LoginStep - Username entered successfully
11:32:06.577 [main] INFO  StepDefination.LoginStep - Entering password
11:32:06.631 [main] INFO  StepDefination.LoginStep - Password entered successfully
11:32:06.631 [main] INFO  StepDefination.LoginStep - Clicking login button
11:32:06.724 [main] INFO  StepDefination.LoginStep - Login button clicked
11:32:06.730 [main] INFO  StepDefination.LoginStep - Current URL after login: https://www.saucedemo.com/inventory.html
11:32:06.732 [main] INFO  StepDefination.LoginStep - Login successful - navigated to home page
]]></system-out>
    <system-err><![CDATA[SLF4J(W): No SLF4J providers were found.
SLF4J(W): Defaulting to no-operation (NOP) logger implementation
SLF4J(W): See https://www.slf4j.org/codes.html#noProviders for further details.
Nov 20, 2025 11:31:56 AM org.openqa.selenium.devtools.CdpVersionFinder findNearestMatch
WARNING: Unable to find CDP implementation matching 140
Nov 20, 2025 11:31:56 AM org.openqa.selenium.chromium.ChromiumDriver lambda$new$5
WARNING: Unable to find version of CDP to use for 140.0.7339.185. You may need to include a dependency on a specific version of the CDP using something similar to `org.seleniumhq.selenium:selenium-devtools-v86:4.25.0` where the version ("v86") matches the version of the chromium-based browser you're using and the version number of the artifact is the same as Selenium's.
]]></system-err>
  </testcase>
</testsuite>