<?xml version="1.0" encoding="UTF-8"?>
<testsuite xmlns:xsi="http://www.w3.org/2001/XMLSchema-instance" xsi:noNamespaceSchemaLocation="https://maven.apache.org/surefire/maven-surefire-plugin/xsd/surefire-test-report-3.0.xsd" version="3.0" name="Runners.runnerTest" time="7.842" tests="4" errors="0" skipped="0" failures="0">
  <properties>
[...]
</properties>
  <testcase name="runScenario[&quot;Login with credentials&quot;, &quot;Login functionality&quot;](1)" classname="Runners.runnerTest" time="2.05">
    <system-out><![CDATA[
Scenario Outline: Login with credentials    &amp#27;[90m# src/test/java/resources/login.feature:12&amp#27;[0m
17:19:36.868 [main] INFO  Hooks.hooks - Setting up test environment - starting browser
17:19:36.870 [main] INFO  BaseClass.baseClass - Loading configuration properties from Configuration/config.properties
17:19:36.871 [main] INFO  BaseClass.baseClass - Configuration properties loaded successfully
17:19:36.875 [main] INFO  BaseClass.baseClass - Starting browser: chrome, Headless: false
17:19:37.727 [main] INFO  BaseClass.baseClass - Browser chrome started successfully with implicit wait: 10 seconds
17:19:37.727 [main] INFO  Hooks.hooks - Test setup completed
17:19:37.729 [main] INFO  StepDefinition.LoginStep - Navigating to login page: https://www.saucedemo.com/
17:19:38.203 [main] INFO  StepDefinition.LoginStep - Login page loaded successfully
  &amp#27;[32mGiven &amp#27;[0m&amp#27;[32muser is on login page&amp#27;[0m               &amp#27;[90m# StepDefinition.LoginStep.user_is_on_login_page()&amp#27;[0m
17:19:38.205 [main] INFO  StepDefinition.LoginStep - Entering username: standard_user
17:19:38.297 [main] INFO  StepDefinition.LoginStep - Username entered successfully
  &amp#27;[32mWhen &amp#27;[0m&amp#27;[32muser enters username &amp#27;[0m&amp#27;[32m&amp#27;[1m"standard_user"&amp#27;[0m &amp#27;[90m# StepDefinition.LoginStep.user_enters_username(java.lang.String)&amp#27;[0m
17:19:38.300 [main] INFO  StepDefinition.LoginStep - Entering password
17:19:38.366 [main] INFO  StepDefinition.LoginStep - Password entered successfully
  &amp#27;[32mAnd &amp#27;[0m&amp#27;[32muser enters password &amp#27;[0m&amp#27;[32m&amp#27;[1m"secret_sauce"&amp#27;[0m   &amp#27;[90m# StepDefinition.LoginStep.user_enters_password(java.lang.String)&amp#27;[0m
17:19:38.367 [main] INFO  StepDefinition.LoginStep - Clicking login button
17:19:38.445 [main] INFO  StepDefinition.LoginStep - Login button clicked
  &amp#27;[32mAnd &amp#27;[0m&amp#27;[32muser clicks login button&amp#27;[0m              &amp#27;[90m# StepDefinition.LoginStep.user_clicks_login_button()&amp#27;[0m
17:19:38.446 [main] INFO  StepDefinition.LoginStep - Verifying navigation to home page
17:19:38.476 [main] INFO  StepDefinition.LoginStep - Successfully navigated to home page - products displayed
  &amp#27;[32mThen &amp#27;[0m&amp#27;[32muser should navigate to &amp#27;[0m&amp#27;[32m&amp#27;[1m"home page"&amp#27;[0m  &amp#27;[90m# StepDefinition.LoginStep.user_should_navigate_to(java.lang.String)&amp#27;[0m
17:19:38.477 [main] INFO  Hooks.hooks - Tearing down test environment - quitting browser
17:19:38.477 [main] INFO  BaseClass.baseClass - Quitting browser and cleaning up driver
17:19:38.552 [main] INFO  BaseClass.baseClass - Browser quit successfully
17:19:38.553 [main] INFO  Hooks.hooks - Test teardown completed
]]></system-out>
    <system-err><![CDATA[SLF4J(W): No SLF4J providers were found.
SLF4J(W): Defaulting to no-operation (NOP) logger implementation
SLF4J(W): See https://www.slf4j.org/codes.html#noProviders for further details.
Nov 25, 2025 5:19:37 PM org.openqa.selenium.devtools.CdpVersionFinder findNearestMatch
WARNING: Unable to find CDP implementation matching 140
Nov 25, 2025 5:19:37 PM org.openqa.selenium.chromium.ChromiumDriver lambda$new$5
WARNING: Unable to find version of CDP to use for 140.0.7339.185. You may need to include a dependency on a specific version of the CDP using something similar to `org.seleniumhq.selenium:selenium-devtools-v86:4.25.0` where the version ("v86") matches the version of the chromium-based browser you're using and the version number of the artifact is the same as Selenium's.
]]></system-err>
  </testcase>
  <testcase name="runScenario[&quot;Login with credentials&quot;, &quot;Login functionality&quot;](2)" classname="Runners.runnerTest" time="2.556">
    <system-out><![CDATA[
Scenario Outline: Login with credentials       &amp#27;[90m# src/test/java/resources/login.feature:13&amp#27;[0m
17:19:38.566 [main] INFO  Hooks.hooks - Setting up test environment - starting browser
17:19:38.566 [main] INFO  BaseClass.baseClass - Loading configuration properties from Configuration/config.properties
17:19:38.566 [main] INFO  BaseClass.baseClass - Configuration properties loaded successfully
17:19:38.567 [main] INFO  BaseClass.baseClass - Starting browser: chrome, Headless: false
17:19:39.029 [main] INFO  BaseClass.baseClass - Browser chrome started successfully with implicit wait: 10 seconds
17:19:39.030 [main] INFO  Hooks.hooks - Test setup completed
17:19:39.031 [main] INFO  StepDefinition.LoginStep - Navigating to login page: https://www.saucedemo.com/
17:19:40.791 [main] INFO  StepDefinition.LoginStep - Login page loaded successfully
  &amp#27;[32mGiven &amp#27;[0m&amp#27;[32muser is on login page&amp#27;[0m                  &amp#27;[90m# StepDefinition.LoginStep.user_is_on_login_page()&amp#27;[0m
17:19:40.792 [main] INFO  StepDefinition.LoginStep - Entering username: invalid_user
17:19:40.884 [main] INFO  StepDefinition.LoginStep - Username entered successfully
  &amp#27;[32mWhen &amp#27;[0m&amp#27;[32muser enters username &amp#27;[0m&amp#27;[32m&amp#27;[1m"invalid_user"&amp#27;[0m     &amp#27;[90m# StepDefinition.LoginStep.user_enters_username(java.lang.String)&amp#27;[0m
17:19:40.884 [main] INFO  StepDefinition.LoginStep - Entering password
17:19:40.936 [main] INFO  StepDefinition.LoginStep - Password entered successfully
  &amp#27;[32mAnd &amp#27;[0m&amp#27;[32muser enters password &amp#27;[0m&amp#27;[32m&amp#27;[1m"wrong_pass"&amp#27;[0m        &amp#27;[90m# StepDefinition.LoginStep.user_enters_password(java.lang.String)&amp#27;[0m
17:19:40.937 [main] INFO  StepDefinition.LoginStep - Clicking login button
17:19:41.018 [main] INFO  StepDefinition.LoginStep - Login button clicked
  &amp#27;[32mAnd &amp#27;[0m&amp#27;[32muser clicks login button&amp#27;[0m                 &amp#27;[90m# StepDefinition.LoginStep.user_clicks_login_button()&amp#27;[0m
17:19:41.019 [main] INFO  StepDefinition.LoginStep - Verifying error message for invalid credentials
17:19:41.045 [main] INFO  StepDefinition.LoginStep - Error message: Epic sadface: Username and password do not match any user in this service
17:19:41.045 [main] INFO  StepDefinition.LoginStep - Error message validation passed
  &amp#27;[32mThen &amp#27;[0m&amp#27;[32muser should navigate to &amp#27;[0m&amp#27;[32m&amp#27;[1m"error message"&amp#27;[0m &amp#27;[90m# StepDefinition.LoginStep.user_should_navigate_to(java.lang.String)&amp#27;[0m
17:19:41.046 [main] INFO  Hooks.hooks - Tearing down test environment - quitting browser
17:19:41.046 [main] INFO  BaseClass.baseClass - Quitting browser and cleaning up driver
17:19:41.116 [main] INFO  BaseClass.baseClass - Browser quit successfully
17:19:41.116 [main] INFO  Hooks.hooks - Test teardown completed
]]></system-out>
    <system-err><![CDATA[Nov 25, 2025 5:19:38 PM org.openqa.selenium.devtools.CdpVersionFinder findNearestMatch
WARNING: Unable to find CDP implementation matching 140
Nov 25, 2025 5:19:38 PM org.openqa.selenium.chromium.ChromiumDriver lambda$new$5
WARNING: Unable to find version of CDP to use for 140.0.7339.185. You may need to include a dependency on a specific version of the CDP using something similar to `org.seleniumhq.selenium:selenium-devtools-v86:4.25.0` where the version ("v86") matches the version of the chromium-based browser you're using and the version number of the artifact is the same as Selenium's.
]]></system-err>
  </testcase>
  <testcase name="runScenario[&quot;Login with credentials&quot;, &quot;Login functionality&quot;](3)" classname="Runners.runnerTest" time="1.205">
    <system-out><![CDATA[
Scenario Outline: Login with credentials           &amp#27;[90m# src/test/java/resources/login.feature:14&amp#27;[0m
17:19:41.120 [main] INFO  Hooks.hooks - Setting up test environment - starting browser
17:19:41.120 [main] INFO  BaseClass.baseClass - Loading configuration properties from Configuration/config.properties
17:19:41.121 [main] INFO  BaseClass.baseClass - Configuration properties loaded successfully
17:19:41.121 [main] INFO  BaseClass.baseClass - Starting browser: chrome, Headless: false
17:19:41.548 [main] INFO  BaseClass.baseClass - Browser chrome started successfully with implicit wait: 10 seconds
17:19:41.549 [main] INFO  Hooks.hooks - Test setup completed
17:19:41.550 [main] INFO  StepDefinition.LoginStep - Navigating to login page: https://www.saucedemo.com/
17:19:42.050 [main] INFO  StepDefinition.LoginStep - Login page loaded successfully
  &amp#27;[32mGiven &amp#27;[0m&amp#27;[32muser is on login page&amp#27;[0m                      &amp#27;[90m# StepDefinition.LoginStep.user_is_on_login_page()&amp#27;[0m
17:19:42.052 [main] INFO  StepDefinition.LoginStep - Entering username: 
17:19:42.103 [main] INFO  StepDefinition.LoginStep - Username entered successfully
  &amp#27;[32mWhen &amp#27;[0m&amp#27;[32muser enters username &amp#27;[0m&amp#27;[32m&amp#27;[1m""&amp#27;[0m                     &amp#27;[90m# StepDefinition.LoginStep.user_enters_username(java.lang.String)&amp#27;[0m
17:19:42.103 [main] INFO  StepDefinition.LoginStep - Entering password
17:19:42.166 [main] INFO  StepDefinition.LoginStep - Password entered successfully
  &amp#27;[32mAnd &amp#27;[0m&amp#27;[32muser enters password &amp#27;[0m&amp#27;[32m&amp#27;[1m"secret_sauce"&amp#27;[0m          &amp#27;[90m# StepDefinition.LoginStep.user_enters_password(java.lang.String)&amp#27;[0m
17:19:42.167 [main] INFO  StepDefinition.LoginStep - Clicking login button
17:19:42.228 [main] INFO  StepDefinition.LoginStep - Login button clicked
  &amp#27;[32mAnd &amp#27;[0m&amp#27;[32muser clicks login button&amp#27;[0m                     &amp#27;[90m# StepDefinition.LoginStep.user_clicks_login_button()&amp#27;[0m
17:19:42.229 [main] INFO  StepDefinition.LoginStep - Verifying username required error
17:19:42.250 [main] INFO  StepDefinition.LoginStep - Error message: Epic sadface: Username is required
17:19:42.251 [main] INFO  StepDefinition.LoginStep - Username required validation passed
  &amp#27;[32mThen &amp#27;[0m&amp#27;[32muser should navigate to &amp#27;[0m&amp#27;[32m&amp#27;[1m"username required"&amp#27;[0m &amp#27;[90m# StepDefinition.LoginStep.user_should_navigate_to(java.lang.String)&amp#27;[0m
17:19:42.251 [main] INFO  Hooks.hooks - Tearing down test environment - quitting browser
17:19:42.251 [main] INFO  BaseClass.baseClass - Quitting browser and cleaning up driver
17:19:42.321 [main] INFO  BaseClass.baseClass - Browser quit successfully
17:19:42.321 [main] INFO  Hooks.hooks - Test teardown completed
]]></system-out>
    <system-err><![CDATA[Nov 25, 2025 5:19:41 PM org.openqa.selenium.devtools.CdpVersionFinder findNearestMatch
WARNING: Unable to find CDP implementation matching 140
Nov 25, 2025 5:19:41 PM org.openqa.selenium.chromium.ChromiumDriver lambda$new$5
WARNING: Unable to find version of CDP to use for 140.0.7339.185. You may need to include a dependency on a specific version of the CDP using something similar to `org.seleniumhq.selenium:selenium-devtools-v86:4.25.0` where the version ("v86") matches the version of the chromium-based browser you're using and the version number of the artifact is the same as Selenium's.
]]></system-err>
  </testcase>
  <testcase name="runScenario[&quot;Login with credentials&quot;, &quot;Login functionality&quot;](4)" classname="Runners.runnerTest" time="1.23">
    <system-out><![CDATA[
Scenario Outline: Login with credentials           &amp#27;[90m# src/test/java/resources/login.feature:15&amp#27;[0m
17:19:42.328 [main] INFO  Hooks.hooks - Setting up test environment - starting browser
17:19:42.328 [main] INFO  BaseClass.baseClass - Loading configuration properties from Configuration/config.properties
17:19:42.328 [main] INFO  BaseClass.baseClass - Configuration properties loaded successfully
17:19:42.329 [main] INFO  BaseClass.baseClass - Starting browser: chrome, Headless: false
17:19:42.757 [main] INFO  BaseClass.baseClass - Browser chrome started successfully with implicit wait: 10 seconds
17:19:42.758 [main] INFO  Hooks.hooks - Test setup completed
17:19:42.758 [main] INFO  StepDefinition.LoginStep - Navigating to login page: https://www.saucedemo.com/
17:19:43.208 [main] INFO  StepDefinition.LoginStep - Login page loaded successfully
  &amp#27;[32mGiven &amp#27;[0m&amp#27;[32muser is on login page&amp#27;[0m                      &amp#27;[90m# StepDefinition.LoginStep.user_is_on_login_page()&amp#27;[0m
17:19:43.209 [main] INFO  StepDefinition.LoginStep - Entering username: standard_user
17:19:43.293 [main] INFO  StepDefinition.LoginStep - Username entered successfully
  &amp#27;[32mWhen &amp#27;[0m&amp#27;[32muser enters username &amp#27;[0m&amp#27;[32m&amp#27;[1m"standard_user"&amp#27;[0m        &amp#27;[90m# StepDefinition.LoginStep.user_enters_username(java.lang.String)&amp#27;[0m
17:19:43.294 [main] INFO  StepDefinition.LoginStep - Entering password
17:19:43.362 [main] INFO  StepDefinition.LoginStep - Password entered successfully
  &amp#27;[32mAnd &amp#27;[0m&amp#27;[32muser enters password &amp#27;[0m&amp#27;[32m&amp#27;[1m""&amp#27;[0m                      &amp#27;[90m# StepDefinition.LoginStep.user_enters_password(java.lang.String)&amp#27;[0m
17:19:43.363 [main] INFO  StepDefinition.LoginStep - Clicking login button
17:19:43.448 [main] INFO  StepDefinition.LoginStep - Login button clicked
  &amp#27;[32mAnd &amp#27;[0m&amp#27;[32muser clicks login button&amp#27;[0m                     &amp#27;[90m# StepDefinition.LoginStep.user_clicks_login_button()&amp#27;[0m
17:19:43.449 [main] INFO  StepDefinition.LoginStep - Verifying password required error
17:19:43.473 [main] INFO  StepDefinition.LoginStep - Error message: Epic sadface: Password is required
17:19:43.473 [main] INFO  StepDefinition.LoginStep - Password required validation passed
  &amp#27;[32mThen &amp#27;[0m&amp#27;[32muser should navigate to &amp#27;[0m&amp#27;[32m&amp#27;[1m"password required"&amp#27;[0m &amp#27;[90m# StepDefinition.LoginStep.user_should_navigate_to(java.lang.String)&amp#27;[0m
17:19:43.473 [main] INFO  Hooks.hooks - Tearing down test environment - quitting browser
17:19:43.474 [main] INFO  BaseClass.baseClass - Quitting browser and cleaning up driver
17:19:43.553 [main] INFO  BaseClass.baseClass - Browser quit successfully
17:19:43.553 [main] INFO  Hooks.hooks - Test teardown completed
]]></system-out>
    <system-err><![CDATA[Nov 25, 2025 5:19:42 PM org.openqa.selenium.devtools.CdpVersionFinder findNearestMatch
WARNING: Unable to find CDP implementation matching 140
Nov 25, 2025 5:19:42 PM org.openqa.selenium.chromium.ChromiumDriver lambda$new$5
WARNING: Unable to find version of CDP to use for 140.0.7339.185. You may need to include a dependency on a specific version of the CDP using something similar to `org.seleniumhq.selenium:selenium-devtools-v86:4.25.0` where the version ("v86") matches the version of the chromium-based browser you're using and the version number of the artifact is the same as Selenium's.
]]></system-err>
  </testcase>
</testsuite>