<?xml version="1.0" encoding="UTF-8"?>
<!-- Generated by org.testng.reporters.JUnitReportReporter -->
<testsuite hostname="pawan-XPS-224" failures="0" tests="4" name="Runners.runnerTest" time="6.272" errors="0" timestamp="2026-01-06T12:37:22 IST" skipped="0">
  <testcase classname="Runners.runnerTest" name="runScenario" time="1.807"/>
  <testcase classname="Runners.runnerTest" name="runScenario" time="1.271"/>
  <testcase classname="Runners.runnerTest" name="runScenario" time="2.223"/>
  <testcase classname="Runners.runnerTest" name="runScenario" time="0.971"/>
</testsuite> <!-- Runners.runnerTest -->
