<?xml version="1.0" encoding="UTF-8"?>
<!-- Generated by org.testng.reporters.JUnitReportReporter -->
<testsuite hostname="pawan-XPS-224" failures="0" tests="20" name="Runners.runnerTest" time="37.255" errors="0" timestamp="2026-01-13T16:27:37 IST" skipped="0">
  <testcase classname="Runners.runnerTest" name="runScenario" time="1.925"/>
  <testcase classname="Runners.runnerTest" name="runScenario" time="1.362"/>
  <testcase classname="Runners.runnerTest" name="runScenario" time="0.928"/>
  <testcase classname="Runners.runnerTest" name="runScenario" time="0.948"/>
  <testcase classname="Runners.runnerTest" name="runScenario" time="1.033"/>
  <testcase classname="Runners.runnerTest" name="runScenario" time="0.964"/>
  <testcase classname="Runners.runnerTest" name="runScenario" time="1.157"/>
  <testcase classname="Runners.runnerTest" name="runScenario" time="1.121"/>
  <testcase classname="Runners.runnerTest" name="runScenario" time="1.188"/>
  <testcase classname="Runners.runnerTest" name="runScenario" time="1.155"/>
  <testcase classname="Runners.runnerTest" name="runScenario" time="4.424"/>
  <testcase classname="Runners.runnerTest" name="runScenario" time="1.066"/>
  <testcase classname="Runners.runnerTest" name="runScenario" time="1.122"/>
  <testcase classname="Runners.runnerTest" name="runScenario" time="1.144"/>
  <testcase classname="Runners.runnerTest" name="runScenario" time="0.960"/>
  <testcase classname="Runners.runnerTest" name="runScenario" time="1.166"/>
  <testcase classname="Runners.runnerTest" name="runScenario" time="1.025"/>
  <testcase classname="Runners.runnerTest" name="runScenario" time="1.716"/>
  <testcase classname="Runners.runnerTest" name="runScenario" time="11.793"/>
  <testcase classname="Runners.runnerTest" name="runScenario" time="1.058"/>
</testsuite> <!-- Runners.runnerTest -->
